# JRE version: Java(TM) SE Runtime Environment (8.0_66-b17) (build 1.8.0_66-b17)
# Java VM: Java HotSpot(TM) 64-Bit Server VM (25.66-b17 mixed mode linux-amd64 compressed oops)
Heap:
 PSYoungGen      total 4150272K, used 911K [0x0000000670f80000, 0x000000076fe80000, 0x00000007c0000000)
  eden space 4126208K, 0% used [0x0000000670f80000,0x0000000670f80000,0x000000076cd00000)
  from space 24064K, 3% used [0x000000076cd00000,0x000000076cde3d88,0x000000076e480000)
  to   space 21504K, 0% used [0x000000076e480000,0x000000076e480000,0x000000076f980000)
 ParOldGen       total 687104K, used 16362K [0x00000003d2e00000, 0x00000003fcd00000, 0x0000000670f80000)
  object space 687104K, 2% used [0x00000003d2e00000,0x00000003d3dfa8d8,0x00000003fcd00000)
 Metaspace       used 5564K, capacity 5700K, committed 5888K, reserved 1056768K
  class space    used 596K, capacity 668K, committed 768K, reserved 1048576K
GC Heap History (10 events):
Event: 3.011 GC heap after
Heap after GC invocations=4 (full 0):
 PSYoungGen      total 1074688K, used 17336K [0x0000000670f80000, 0x00000006b5280000, 0x00000007c0000000)
  eden space 1032192K, 0% used [0x0000000670f80000,0x0000000670f80000,0x00000006aff80000)
  from space 42496K, 40% used [0x00000006b2900000,0x00000006b39ee2a8,0x00000006b5280000)
  to   space 42496K, 0% used [0x00000006aff80000,0x00000006aff80000,0x00000006b2900000)
 ParOldGen       total 687104K, used 24K [0x00000003d2e00000, 0x00000003fcd00000, 0x0000000670f80000)
  object space 687104K, 0% used [0x00000003d2e00000,0x00000003d2e06000,0x00000003fcd00000)
 Metaspace       used 5541K, capacity 5684K, committed 5888K, reserved 1056768K
  class space    used 595K, capacity 668K, committed 768K, reserved 1048576K
}
Event: 4.687 GC heap before
{Heap before GC invocations=5 (full 0):
 PSYoungGen      total 1074688K, used 1049528K [0x0000000670f80000, 0x00000006b5280000, 0x00000007c0000000)
  eden space 1032192K, 100% used [0x0000000670f80000,0x00000006aff80000,0x00000006aff80000)
  from space 42496K, 40% used [0x00000006b2900000,0x00000006b39ee2a8,0x00000006b5280000)
  to   space 42496K, 0% used [0x00000006aff80000,0x00000006aff80000,0x00000006b2900000)
 ParOldGen       total 687104K, used 24K [0x00000003d2e00000, 0x00000003fcd00000, 0x0000000670f80000)
  object space 687104K, 0% used [0x00000003d2e00000,0x00000003d2e06000,0x00000003fcd00000)
 Metaspace       used 5563K, capacity 5700K, committed 5888K, reserved 1056768K
  class space    used 595K, capacity 668K, committed 768K, reserved 1048576K
Event: 4.738 GC heap after
Heap after GC invocations=5 (full 0):
 PSYoungGen      total 1074688K, used 17304K [0x0000000670f80000, 0x00000006f1380000, 0x00000007c0000000)
  eden space 1032192K, 0% used [0x0000000670f80000,0x0000000670f80000,0x00000006aff80000)
  from space 42496K, 40% used [0x00000006aff80000,0x00000006b10662a8,0x00000006b2900000)
  to   space 18432K, 0% used [0x00000006f0180000,0x00000006f0180000,0x00000006f1380000)
 ParOldGen       total 687104K, used 32K [0x00000003d2e00000, 0x00000003fcd00000, 0x0000000670f80000)
  object space 687104K, 0% used [0x00000003d2e00000,0x00000003d2e08000,0x00000003fcd00000)
 Metaspace       used 5563K, capacity 5700K, committed 5888K, reserved 1056768K
  class space    used 595K, capacity 668K, committed 768K, reserved 1048576K
}
Event: 5.795 GC heap before
{Heap before GC invocations=6 (full 0):
 PSYoungGen      total 1074688K, used 1049496K [0x0000000670f80000, 0x00000006f1380000, 0x00000007c0000000)
  eden space 1032192K, 100% used [0x0000000670f80000,0x00000006aff80000,0x00000006aff80000)
  from space 42496K, 40% used [0x00000006aff80000,0x00000006b10662a8,0x00000006b2900000)
  to   space 18432K, 0% used [0x00000006f0180000,0x00000006f0180000,0x00000006f1380000)
 ParOldGen       total 687104K, used 32K [0x00000003d2e00000, 0x00000003fcd00000, 0x0000000670f80000)
  object space 687104K, 0% used [0x00000003d2e00000,0x00000003d2e08000,0x00000003fcd00000)
 Metaspace       used 5563K, capacity 5700K, committed 5888K, reserved 1056768K
  class space    used 595K, capacity 668K, committed 768K, reserved 1048576K
Event: 5.849 GC heap after
Heap after GC invocations=6 (full 0):
 PSYoungGen      total 2082816K, used 17208K [0x0000000670f80000, 0x00000006f1380000, 0x00000007c0000000)
  eden space 2064384K, 0% used [0x0000000670f80000,0x0000000670f80000,0x00000006eef80000)
  from space 18432K, 93% used [0x00000006f0180000,0x00000006f124e2a8,0x00000006f1380000)
  to   space 18432K, 0% used [0x00000006eef80000,0x00000006eef80000,0x00000006f0180000)
 ParOldGen       total 687104K, used 40K [0x00000003d2e00000, 0x00000003fcd00000, 0x0000000670f80000)
  object space 687104K, 0% used [0x00000003d2e00000,0x00000003d2e0a000,0x00000003fcd00000)
 Metaspace       used 5563K, capacity 5700K, committed 5888K, reserved 1056768K
  class space    used 595K, capacity 668K, committed 768K, reserved 1048576K
}
Event: 9.222 GC heap before
{Heap before GC invocations=7 (full 0):
 PSYoungGen      total 2082816K, used 2081592K [0x0000000670f80000, 0x00000006f1380000, 0x00000007c0000000)
  eden space 2064384K, 100% used [0x0000000670f80000,0x00000006eef80000,0x00000006eef80000)
  from space 18432K, 93% used [0x00000006f0180000,0x00000006f124e2a8,0x00000006f1380000)
  to   space 18432K, 0% used [0x00000006eef80000,0x00000006eef80000,0x00000006f0180000)
 ParOldGen       total 687104K, used 40K [0x00000003d2e00000, 0x00000003fcd00000, 0x0000000670f80000)
  object space 687104K, 0% used [0x00000003d2e00000,0x00000003d2e0a000,0x00000003fcd00000)
 Metaspace       used 5564K, capacity 5700K, committed 5888K, reserved 1056768K
  class space    used 595K, capacity 668K, committed 768K, reserved 1048576K
Event: 9.299 GC heap after
Heap after GC invocations=7 (full 0):
 PSYoungGen      total 2082816K, used 911K [0x0000000670f80000, 0x000000076f980000, 0x00000007c0000000)
  eden space 2064384K, 0% used [0x0000000670f80000,0x0000000670f80000,0x00000006eef80000)
  from space 18432K, 4% used [0x00000006eef80000,0x00000006ef063d88,0x00000006f0180000)
  to   space 21504K, 0% used [0x000000076e480000,0x000000076e480000,0x000000076f980000)
 ParOldGen       total 687104K, used 16346K [0x00000003d2e00000, 0x00000003fcd00000, 0x0000000670f80000)
  object space 687104K, 2% used [0x00000003d2e00000,0x00000003d3df68d8,0x00000003fcd00000)
 Metaspace       used 5564K, capacity 5700K, committed 5888K, reserved 1056768K
  class space    used 595K, capacity 668K, committed 768K, reserved 1048576K
}
Event: 11.811 GC heap before
{Heap before GC invocations=8 (full 0):
 PSYoungGen      total 2082816K, used 2065295K [0x0000000670f80000, 0x000000076f980000, 0x00000007c0000000)
  eden space 2064384K, 100% used [0x0000000670f80000,0x00000006eef80000,0x00000006eef80000)
  from space 18432K, 4% used [0x00000006eef80000,0x00000006ef063d88,0x00000006f0180000)
  to   space 21504K, 0% used [0x000000076e480000,0x000000076e480000,0x000000076f980000)
 ParOldGen       total 687104K, used 16346K [0x00000003d2e00000, 0x00000003fcd00000, 0x0000000670f80000)
  object space 687104K, 2% used [0x00000003d2e00000,0x00000003d3df68d8,0x00000003fcd00000)
 Metaspace       used 5564K, capacity 5700K, committed 5888K, reserved 1056768K
  class space    used 595K, capacity 668K, committed 768K, reserved 1048576K
Event: 11.855 GC heap after
Heap after GC invocations=8 (full 0):
 PSYoungGen      total 4147712K, used 225K [0x0000000670f80000, 0x000000076fe80000, 0x00000007c0000000)
  eden space 4126208K, 0% used [0x0000000670f80000,0x0000000670f80000,0x000000076cd00000)
  from space 21504K, 1% used [0x000000076e480000,0x000000076e4b8590,0x000000076f980000)
  to   space 24064K, 0% used [0x000000076cd00000,0x000000076cd00000,0x000000076e480000)
 ParOldGen       total 687104K, used 16362K [0x00000003d2e00000, 0x00000003fcd00000, 0x0000000670f80000)
  object space 687104K, 2% used [0x00000003d2e00000,0x00000003d3dfa8d8,0x00000003fcd00000)
 Metaspace       used 5564K, capacity 5700K, committed 5888K, reserved 1056768K
  class space    used 595K, capacity 668K, committed 768K, reserved 1048576K
}
Event: 20.637 GC heap before
{Heap before GC invocations=9 (full 0):
 PSYoungGen      total 4147712K, used 4126433K [0x0000000670f80000, 0x000000076fe80000, 0x00000007c0000000)
  eden space 4126208K, 100% used [0x0000000670f80000,0x000000076cd00000,0x000000076cd00000)
  from space 21504K, 1% used [0x000000076e480000,0x000000076e4b8590,0x000000076f980000)
  to   space 24064K, 0% used [0x000000076cd00000,0x000000076cd00000,0x000000076e480000)
 ParOldGen       total 687104K, used 16362K [0x00000003d2e00000, 0x00000003fcd00000, 0x0000000670f80000)
  object space 687104K, 2% used [0x00000003d2e00000,0x00000003d3dfa8d8,0x00000003fcd00000)
 Metaspace       used 5564K, capacity 5700K, committed 5888K, reserved 1056768K
  class space    used 596K, capacity 668K, committed 768K, reserved 1048576K

