# JRE version: Java(TM) SE Runtime Environment (8.0_66-b17) (build 1.8.0_66-b17)
# Java VM: Java HotSpot(TM) 64-Bit Server VM (25.66-b17 mixed mode linux-amd64 compressed oops)
Heap:
 PSYoungGen      total 1074688K, used 42493K [0x0000000670f80000, 0x00000006b5280000, 0x00000007c0000000)
  eden space 1032192K, 0% used [0x0000000670f80000,0x0000000670f80000,0x00000006aff80000)
  from space 42496K, 99% used [0x00000006aff80000,0x00000006b28ff538,0x00000006b2900000)
  to   space 42496K, 0% used [0x00000006b2900000,0x00000006b2900000,0x00000006b5280000)
 ParOldGen       total 687104K, used 128481K [0x00000003d2e00000, 0x00000003fcd00000, 0x0000000670f80000)
  object space 687104K, 18% used [0x00000003d2e00000,0x00000003dab784a8,0x00000003fcd00000)
 Metaspace       used 6165K, capacity 6384K, committed 6400K, reserved 1056768K
  class space    used 671K, capacity 752K, committed 768K, reserved 1048576K
GC Heap History (9 events):
Event: 1.585 GC heap before
{Heap before GC invocations=1 (full 0):
 PSYoungGen      total 300544K, used 258048K [0x0000000670f80000, 0x0000000685e80000, 0x00000007c0000000)
  eden space 258048K, 100% used [0x0000000670f80000,0x0000000680b80000,0x0000000680b80000)
  from space 42496K, 0% used [0x0000000683500000,0x0000000683500000,0x0000000685e80000)
  to   space 42496K, 0% used [0x0000000680b80000,0x0000000680b80000,0x0000000683500000)
 ParOldGen       total 687104K, used 0K [0x00000003d2e00000, 0x00000003fcd00000, 0x0000000670f80000)
  object space 687104K, 0% used [0x00000003d2e00000,0x00000003d2e00000,0x00000003fcd00000)
 Metaspace       used 5916K, capacity 6128K, committed 6144K, reserved 1056768K
  class space    used 654K, capacity 752K, committed 768K, reserved 1048576K
Event: 1.746 GC heap after
Heap after GC invocations=1 (full 0):
 PSYoungGen      total 300544K, used 33912K [0x0000000670f80000, 0x0000000695a80000, 0x00000007c0000000)
  eden space 258048K, 0% used [0x0000000670f80000,0x0000000670f80000,0x0000000680b80000)
  from space 42496K, 79% used [0x0000000680b80000,0x0000000682c9e3f0,0x0000000683500000)
  to   space 42496K, 0% used [0x0000000693100000,0x0000000693100000,0x0000000695a80000)
 ParOldGen       total 687104K, used 8K [0x00000003d2e00000, 0x00000003fcd00000, 0x0000000670f80000)
  object space 687104K, 0% used [0x00000003d2e00000,0x00000003d2e02000,0x00000003fcd00000)
 Metaspace       used 5916K, capacity 6128K, committed 6144K, reserved 1056768K
  class space    used 654K, capacity 752K, committed 768K, reserved 1048576K
}
Event: 2.107 GC heap before
{Heap before GC invocations=2 (full 0):
 PSYoungGen      total 300544K, used 291960K [0x0000000670f80000, 0x0000000695a80000, 0x00000007c0000000)
  eden space 258048K, 100% used [0x0000000670f80000,0x0000000680b80000,0x0000000680b80000)
  from space 42496K, 79% used [0x0000000680b80000,0x0000000682c9e3f0,0x0000000683500000)
  to   space 42496K, 0% used [0x0000000693100000,0x0000000693100000,0x0000000695a80000)
 ParOldGen       total 687104K, used 8K [0x00000003d2e00000, 0x00000003fcd00000, 0x0000000670f80000)
  object space 687104K, 0% used [0x00000003d2e00000,0x00000003d2e02000,0x00000003fcd00000)
 Metaspace       used 5926K, capacity 6128K, committed 6144K, reserved 1056768K
  class space    used 654K, capacity 752K, committed 768K, reserved 1048576K
Event: 2.332 GC heap after
Heap after GC invocations=2 (full 0):
 PSYoungGen      total 558592K, used 42489K [0x0000000670f80000, 0x0000000695a80000, 0x00000007c0000000)
  eden space 516096K, 0% used [0x0000000670f80000,0x0000000670f80000,0x0000000690780000)
  from space 42496K, 99% used [0x0000000693100000,0x0000000695a7e6f8,0x0000000695a80000)
  to   space 42496K, 0% used [0x0000000690780000,0x0000000690780000,0x0000000693100000)
 ParOldGen       total 687104K, used 22200K [0x00000003d2e00000, 0x00000003fcd00000, 0x0000000670f80000)
  object space 687104K, 3% used [0x00000003d2e00000,0x00000003d43ae000,0x00000003fcd00000)
 Metaspace       used 5926K, capacity 6128K, committed 6144K, reserved 1056768K
  class space    used 654K, capacity 752K, committed 768K, reserved 1048576K
}
Event: 5.419 GC heap before
{Heap before GC invocations=3 (full 0):
 PSYoungGen      total 558592K, used 558585K [0x0000000670f80000, 0x0000000695a80000, 0x00000007c0000000)
  eden space 516096K, 100% used [0x0000000670f80000,0x0000000690780000,0x0000000690780000)
  from space 42496K, 99% used [0x0000000693100000,0x0000000695a7e6f8,0x0000000695a80000)
  to   space 42496K, 0% used [0x0000000690780000,0x0000000690780000,0x0000000693100000)
 ParOldGen       total 687104K, used 22200K [0x00000003d2e00000, 0x00000003fcd00000, 0x0000000670f80000)
  object space 687104K, 3% used [0x00000003d2e00000,0x00000003d43ae000,0x00000003fcd00000)
 Metaspace       used 6165K, capacity 6384K, committed 6400K, reserved 1056768K
  class space    used 671K, capacity 752K, committed 768K, reserved 1048576K
Event: 5.655 GC heap after
Heap after GC invocations=3 (full 0):
 PSYoungGen      total 558592K, used 42493K [0x0000000670f80000, 0x00000006b5280000, 0x00000007c0000000)
  eden space 516096K, 0% used [0x0000000670f80000,0x0000000670f80000,0x0000000690780000)
  from space 42496K, 99% used [0x0000000690780000,0x00000006930ff538,0x0000000693100000)
  to   space 42496K, 0% used [0x00000006b2900000,0x00000006b2900000,0x00000006b5280000)
 ParOldGen       total 687104K, used 60521K [0x00000003d2e00000, 0x00000003fcd00000, 0x0000000670f80000)
  object space 687104K, 8% used [0x00000003d2e00000,0x00000003d691a488,0x00000003fcd00000)
 Metaspace       used 6165K, capacity 6384K, committed 6400K, reserved 1056768K
  class space    used 671K, capacity 752K, committed 768K, reserved 1048576K
}
Event: 7.801 GC heap before
{Heap before GC invocations=4 (full 0):
 PSYoungGen      total 558592K, used 558589K [0x0000000670f80000, 0x00000006b5280000, 0x00000007c0000000)
  eden space 516096K, 100% used [0x0000000670f80000,0x0000000690780000,0x0000000690780000)
  from space 42496K, 99% used [0x0000000690780000,0x00000006930ff538,0x0000000693100000)
  to   space 42496K, 0% used [0x00000006b2900000,0x00000006b2900000,0x00000006b5280000)
 ParOldGen       total 687104K, used 60521K [0x00000003d2e00000, 0x00000003fcd00000, 0x0000000670f80000)
  object space 687104K, 8% used [0x00000003d2e00000,0x00000003d691a488,0x00000003fcd00000)
 Metaspace       used 6165K, capacity 6384K, committed 6400K, reserved 1056768K
  class space    used 671K, capacity 752K, committed 768K, reserved 1048576K
Event: 8.057 GC heap after
Heap after GC invocations=4 (full 0):
 PSYoungGen      total 1074688K, used 42473K [0x0000000670f80000, 0x00000006b5280000, 0x00000007c0000000)
  eden space 1032192K, 0% used [0x0000000670f80000,0x0000000670f80000,0x00000006aff80000)
  from space 42496K, 99% used [0x00000006b2900000,0x00000006b527a708,0x00000006b5280000)
  to   space 42496K, 0% used [0x00000006aff80000,0x00000006aff80000,0x00000006b2900000)
 ParOldGen       total 687104K, used 83193K [0x00000003d2e00000, 0x00000003fcd00000, 0x0000000670f80000)
  object space 687104K, 12% used [0x00000003d2e00000,0x00000003d7f3e488,0x00000003fcd00000)
 Metaspace       used 6165K, capacity 6384K, committed 6400K, reserved 1056768K
  class space    used 671K, capacity 752K, committed 768K, reserved 1048576K
}
Event: 13.688 GC heap before
{Heap before GC invocations=5 (full 0):
 PSYoungGen      total 1074688K, used 1074665K [0x0000000670f80000, 0x00000006b5280000, 0x00000007c0000000)
  eden space 1032192K, 100% used [0x0000000670f80000,0x00000006aff80000,0x00000006aff80000)
  from space 42496K, 99% used [0x00000006b2900000,0x00000006b527a708,0x00000006b5280000)
  to   space 42496K, 0% used [0x00000006aff80000,0x00000006aff80000,0x00000006b2900000)
 ParOldGen       total 687104K, used 83193K [0x00000003d2e00000, 0x00000003fcd00000, 0x0000000670f80000)
  object space 687104K, 12% used [0x00000003d2e00000,0x00000003d7f3e488,0x00000003fcd00000)
 Metaspace       used 6165K, capacity 6384K, committed 6400K, reserved 1056768K
  class space    used 671K, capacity 752K, committed 768K, reserved 1048576K

